Determining if the Q_WS_WIN exist failed with the following output:
Change Dir: /home/j0r1k/workspace/с++/cg-work/CMakeFiles/CMakeTmp

Run Build Command:/usr/bin/make "cmTryCompileExec2847242615/fast"
/usr/bin/make -f CMakeFiles/cmTryCompileExec2847242615.dir/build.make CMakeFiles/cmTryCompileExec2847242615.dir/build
make[1]: Вход в каталог `/home/j0r1k/workspace/с++/cg-work/CMakeFiles/CMakeTmp'
/usr/bin/cmake -E cmake_progress_report /home/j0r1k/workspace/с++/cg-work/CMakeFiles/CMakeTmp/CMakeFiles 1
Building CXX object CMakeFiles/cmTryCompileExec2847242615.dir/CheckSymbolExists.cxx.o
/usr/bin/c++    -std=c++0x -Wall   -I/usr/include/qt4    -o CMakeFiles/cmTryCompileExec2847242615.dir/CheckSymbolExists.cxx.o -c /home/j0r1k/workspace/с++/cg-work/CMakeFiles/CMakeTmp/CheckSymbolExists.cxx
/home/j0r1k/workspace/с++/cg-work/CMakeFiles/CMakeTmp/CheckSymbolExists.cxx: В функции «int main(int, char**)»:
/home/j0r1k/workspace/с++/cg-work/CMakeFiles/CMakeTmp/CheckSymbolExists.cxx:8:19: ошибка: нет декларации «Q_WS_WIN» в этой области видимости
make[1]: Выход из каталога `/home/j0r1k/workspace/с++/cg-work/CMakeFiles/CMakeTmp'
make[1]: *** [CMakeFiles/cmTryCompileExec2847242615.dir/CheckSymbolExists.cxx.o] Ошибка 1
make: *** [cmTryCompileExec2847242615/fast] Ошибка 2

File /home/j0r1k/workspace/с++/cg-work/CMakeFiles/CMakeTmp/CheckSymbolExists.cxx:
/* */
#include <QtCore/qglobal.h>

int main(int argc, char** argv)
{
  (void)argv;
#ifndef Q_WS_WIN
  return ((int*)(&Q_WS_WIN))[argc];
#else
  (void)argc;
  return 0;
#endif
}

Determining if the Q_WS_QWS exist failed with the following output:
Change Dir: /home/j0r1k/workspace/с++/cg-work/CMakeFiles/CMakeTmp

Run Build Command:/usr/bin/make "cmTryCompileExec2445147499/fast"
/usr/bin/make -f CMakeFiles/cmTryCompileExec2445147499.dir/build.make CMakeFiles/cmTryCompileExec2445147499.dir/build
make[1]: Вход в каталог `/home/j0r1k/workspace/с++/cg-work/CMakeFiles/CMakeTmp'
/usr/bin/cmake -E cmake_progress_report /home/j0r1k/workspace/с++/cg-work/CMakeFiles/CMakeTmp/CMakeFiles 1
Building CXX object CMakeFiles/cmTryCompileExec2445147499.dir/CheckSymbolExists.cxx.o
/usr/bin/c++    -std=c++0x -Wall   -I/usr/include/qt4    -o CMakeFiles/cmTryCompileExec2445147499.dir/CheckSymbolExists.cxx.o -c /home/j0r1k/workspace/с++/cg-work/CMakeFiles/CMakeTmp/CheckSymbolExists.cxx
/home/j0r1k/workspace/с++/cg-work/CMakeFiles/CMakeTmp/CheckSymbolExists.cxx: В функции «int main(int, char**)»:
/home/j0r1k/workspace/с++/cg-work/CMakeFiles/CMakeTmp/CheckSymbolExists.cxx:8:19: ошибка: нет декларации «Q_WS_QWS» в этой области видимости
make[1]: Выход из каталога `/home/j0r1k/workspace/с++/cg-work/CMakeFiles/CMakeTmp'
make[1]: *** [CMakeFiles/cmTryCompileExec2445147499.dir/CheckSymbolExists.cxx.o] Ошибка 1
make: *** [cmTryCompileExec2445147499/fast] Ошибка 2

File /home/j0r1k/workspace/с++/cg-work/CMakeFiles/CMakeTmp/CheckSymbolExists.cxx:
/* */
#include <QtCore/qglobal.h>

int main(int argc, char** argv)
{
  (void)argv;
#ifndef Q_WS_QWS
  return ((int*)(&Q_WS_QWS))[argc];
#else
  (void)argc;
  return 0;
#endif
}

Determining if the Q_WS_MAC exist failed with the following output:
Change Dir: /home/j0r1k/workspace/с++/cg-work/CMakeFiles/CMakeTmp

Run Build Command:/usr/bin/make "cmTryCompileExec4263697631/fast"
/usr/bin/make -f CMakeFiles/cmTryCompileExec4263697631.dir/build.make CMakeFiles/cmTryCompileExec4263697631.dir/build
make[1]: Вход в каталог `/home/j0r1k/workspace/с++/cg-work/CMakeFiles/CMakeTmp'
/usr/bin/cmake -E cmake_progress_report /home/j0r1k/workspace/с++/cg-work/CMakeFiles/CMakeTmp/CMakeFiles 1
Building CXX object CMakeFiles/cmTryCompileExec4263697631.dir/CheckSymbolExists.cxx.o
/usr/bin/c++    -std=c++0x -Wall   -I/usr/include/qt4    -o CMakeFiles/cmTryCompileExec4263697631.dir/CheckSymbolExists.cxx.o -c /home/j0r1k/workspace/с++/cg-work/CMakeFiles/CMakeTmp/CheckSymbolExists.cxx
/home/j0r1k/workspace/с++/cg-work/CMakeFiles/CMakeTmp/CheckSymbolExists.cxx: В функции «int main(int, char**)»:
/home/j0r1k/workspace/с++/cg-work/CMakeFiles/CMakeTmp/CheckSymbolExists.cxx:8:19: ошибка: нет декларации «Q_WS_MAC» в этой области видимости
make[1]: *** [CMakeFiles/cmTryCompileExec4263697631.dir/CheckSymbolExists.cxx.o] Ошибка 1
make[1]: Выход из каталога `/home/j0r1k/workspace/с++/cg-work/CMakeFiles/CMakeTmp'
make: *** [cmTryCompileExec4263697631/fast] Ошибка 2

File /home/j0r1k/workspace/с++/cg-work/CMakeFiles/CMakeTmp/CheckSymbolExists.cxx:
/* */
#include <QtCore/qglobal.h>

int main(int argc, char** argv)
{
  (void)argv;
#ifndef Q_WS_MAC
  return ((int*)(&Q_WS_MAC))[argc];
#else
  (void)argc;
  return 0;
#endif
}

